Symptom witnessed	:	anxiety		Number of occurences :		5
Symptom witnessed	:	arrhythmias		Number of occurences :		3
Symptom witnessed	:	blindness		Number of occurences :		1
Symptom witnessed	:	blurred vision		Number of occurences :		5
Symptom witnessed	:	constricted pupils		Number of occurences :		3
Symptom witnessed	:	cough		Number of occurences :		6
Symptom witnessed	:	dialated pupils		Number of occurences :		4
Symptom witnessed	:	dizziness		Number of occurences :		5
Symptom witnessed	:	dry mouth		Number of occurences :		8
Symptom witnessed	:	fever		Number of occurences :		7
Symptom witnessed	:	headache		Number of occurences :		3
Symptom witnessed	:	high blood pressure		Number of occurences :		10
Symptom witnessed	:	inflamation		Number of occurences :		7
Symptom witnessed	:	insomnia		Number of occurences :		4
Symptom witnessed	:	low blood pressure		Number of occurences :		4
Symptom witnessed	:	nausea		Number of occurences :		5
Symptom witnessed	:	rapid heart rate		Number of occurences :		1
Symptom witnessed	:	rash		Number of occurences :		4
Symptom witnessed	:	shortness of breath		Number of occurences :		3
Symptom witnessed	:	stiff neck		Number of occurences :		4
Symptom witnessed	:	stomach pain		Number of occurences :		3
Symptom witnessed	:	tremor		Number of occurences :		4
Symptom witnessed	:	water retention		Number of occurences :		1
